\\bournemouth.ac.uk\data\student\home\scitech\s5006074\mcgwork\mcg_gfx_framework\debug\vc141.pdb
\\bournemouth.ac.uk\data\student\home\scitech\s5006074\mcgwork\mcg_gfx_framework\debug\vc141.idb
\\bournemouth.ac.uk\data\student\home\scitech\s5006074\mcgwork\mcg_gfx_framework\debug\mcg_gfx_lib.obj
\\bournemouth.ac.uk\data\student\home\scitech\s5006074\mcgwork\mcg_gfx_framework\debug\main.obj
h:\mcgwork\mcg_gfx_framework\debug\vc141.pdb
h:\mcgwork\mcg_gfx_framework\debug\vc141.idb
h:\mcgwork\mcg_gfx_framework\debug\mcg_gfx_lib.obj
h:\mcgwork\mcg_gfx_framework\debug\main.obj
h:\mcgwork\mcg_gfx_framework\debug\trace.obj
\\bournemouth.ac.uk\data\student\home\scitech\s5006074\mcgwork\debug\mcg_gfx_framework.exe
\\bournemouth.ac.uk\data\student\home\scitech\s5006074\mcgwork\debug\mcg_gfx_framework.ilk
\\bournemouth.ac.uk\data\student\home\scitech\s5006074\mcgwork\debug\mcg_gfx_framework.pdb
h:\mcgwork\debug\mcg_gfx_framework.exe
h:\mcgwork\debug\mcg_gfx_framework.ilk
h:\mcgwork\debug\mcg_gfx_framework.pdb
h:\mcgwork\mcg_gfx_framework\debug\vc140.idb
h:\mcgwork\mcg_gfx_framework\debug\vc140.pdb
h:\mcgwork\mcg_gfx_framework\debug\mcg_gfx_.edae6090.tlog\cl.command.1.tlog
h:\mcgwork\mcg_gfx_framework\debug\mcg_gfx_.edae6090.tlog\cl.read.1.tlog
h:\mcgwork\mcg_gfx_framework\debug\mcg_gfx_.edae6090.tlog\cl.write.1.tlog
h:\mcgwork\mcg_gfx_framework\debug\mcg_gfx_.edae6090.tlog\link.command.1.tlog
h:\mcgwork\mcg_gfx_framework\debug\mcg_gfx_.edae6090.tlog\link.delete.1.tlog
h:\mcgwork\mcg_gfx_framework\debug\mcg_gfx_.edae6090.tlog\link.read.1.tlog
h:\mcgwork\mcg_gfx_framework\debug\mcg_gfx_.edae6090.tlog\link.write.1.tlog
